0 info it worked if it ends with ok
1 verbose cli [ '/home/ordgen/.nvm/versions/node/v6.11.0/bin/node',
1 verbose cli   '/home/ordgen/.nvm/versions/node/v6.11.0/bin/npm',
1 verbose cli   'start' ]
2 info using npm@3.10.10
3 info using node@v6.11.0
4 verbose run-script [ 'prestart', 'start', 'poststart' ]
5 info lifecycle ecommerce-cms@~prestart: ecommerce-cms@
6 silly lifecycle ecommerce-cms@~prestart: no script for prestart, continuing
7 info lifecycle ecommerce-cms@~start: ecommerce-cms@
8 verbose lifecycle ecommerce-cms@~start: unsafe-perm in lifecycle true
9 verbose lifecycle ecommerce-cms@~start: PATH: /home/ordgen/.nvm/versions/node/v6.11.0/lib/node_modules/npm/bin/node-gyp-bin:/home/ordgen/code/meteor/ecommerce-cms/node_modules/.bin:/home/ordgen/.nvm/versions/node/v6.11.0/bin:/home/ordgen/.rvm/gems/ruby-2.3.1/bin:/home/ordgen/.rvm/gems/ruby-2.3.1@global/bin:/home/ordgen/.rvm/rubies/ruby-2.3.1/bin:/home/ordgen/.local/bin:/home/ordgen/.local/share/umake/bin:/home/ordgen/.local/bin:/home/ordgen/.local/share/umake/bin:/usr/local/sbin:/usr/local/bin:/usr/sbin:/usr/bin:/sbin:/bin:/usr/games:/usr/local/games:/snap/bin:/usr/local/go/bin:/home/ordgen/.rvm/bin:/snap/bin:/home/ordgen/.rvm/bin:/usr/local/go/bin:/home/ordgen/.rvm/bin
10 verbose lifecycle ecommerce-cms@~start: CWD: /home/ordgen/code/meteor/ecommerce-cms
11 silly lifecycle ecommerce-cms@~start: Args: [ '-c', 'meteor --settings settings.json' ]
12 silly lifecycle ecommerce-cms@~start: Returned: code: 139  signal: null
13 info lifecycle ecommerce-cms@~start: Failed to exec start script
14 verbose stack Error: ecommerce-cms@ start: `meteor --settings settings.json`
14 verbose stack Exit status 139
14 verbose stack     at EventEmitter.<anonymous> (/home/ordgen/.nvm/versions/node/v6.11.0/lib/node_modules/npm/lib/utils/lifecycle.js:255:16)
14 verbose stack     at emitTwo (events.js:106:13)
14 verbose stack     at EventEmitter.emit (events.js:191:7)
14 verbose stack     at ChildProcess.<anonymous> (/home/ordgen/.nvm/versions/node/v6.11.0/lib/node_modules/npm/lib/utils/spawn.js:40:14)
14 verbose stack     at emitTwo (events.js:106:13)
14 verbose stack     at ChildProcess.emit (events.js:191:7)
14 verbose stack     at maybeClose (internal/child_process.js:891:16)
14 verbose stack     at Process.ChildProcess._handle.onexit (internal/child_process.js:226:5)
15 verbose pkgid ecommerce-cms@
16 verbose cwd /home/ordgen/code/meteor/ecommerce-cms
17 error Linux 4.4.0-83-generic
18 error argv "/home/ordgen/.nvm/versions/node/v6.11.0/bin/node" "/home/ordgen/.nvm/versions/node/v6.11.0/bin/npm" "start"
19 error node v6.11.0
20 error npm  v3.10.10
21 error code ELIFECYCLE
22 error ecommerce-cms@ start: `meteor --settings settings.json`
22 error Exit status 139
23 error Failed at the ecommerce-cms@ start script 'meteor --settings settings.json'.
23 error Make sure you have the latest version of node.js and npm installed.
23 error If you do, this is most likely a problem with the ecommerce-cms package,
23 error not with npm itself.
23 error Tell the author that this fails on your system:
23 error     meteor --settings settings.json
23 error You can get information on how to open an issue for this project with:
23 error     npm bugs ecommerce-cms
23 error Or if that isn't available, you can get their info via:
23 error     npm owner ls ecommerce-cms
23 error There is likely additional logging output above.
24 verbose exit [ 1, true ]
